mode: set
github.com/qthuy2k1/thesis-management-backend/classroom-svc/internal/handler/classroom.go:13.148,15.16 2 1
github.com/qthuy2k1/thesis-management-backend/classroom-svc/internal/handler/classroom.go:15.16,18.3 2 0
github.com/qthuy2k1/thesis-management-backend/classroom-svc/internal/handler/classroom.go:20.2,20.60 1 1
github.com/qthuy2k1/thesis-management-backend/classroom-svc/internal/handler/classroom.go:20.60,23.3 2 1
github.com/qthuy2k1/thesis-management-backend/classroom-svc/internal/handler/classroom.go:25.2,32.18 2 1
github.com/qthuy2k1/thesis-management-backend/classroom-svc/internal/handler/classroom.go:36.139,37.39 1 1
github.com/qthuy2k1/thesis-management-backend/classroom-svc/internal/handler/classroom.go:37.39,40.3 2 0
github.com/qthuy2k1/thesis-management-backend/classroom-svc/internal/handler/classroom.go:41.2,42.16 2 1
github.com/qthuy2k1/thesis-management-backend/classroom-svc/internal/handler/classroom.go:42.16,45.3 2 1
github.com/qthuy2k1/thesis-management-backend/classroom-svc/internal/handler/classroom.go:47.2,67.18 3 1
github.com/qthuy2k1/thesis-management-backend/classroom-svc/internal/handler/classroom.go:70.163,71.39 1 0
github.com/qthuy2k1/thesis-management-backend/classroom-svc/internal/handler/classroom.go:71.39,74.3 2 0
github.com/qthuy2k1/thesis-management-backend/classroom-svc/internal/handler/classroom.go:76.2,77.16 2 0
github.com/qthuy2k1/thesis-management-backend/classroom-svc/internal/handler/classroom.go:77.16,80.3 2 0
github.com/qthuy2k1/thesis-management-backend/classroom-svc/internal/handler/classroom.go:82.2,84.8 1 0
github.com/qthuy2k1/thesis-management-backend/classroom-svc/internal/handler/classroom.go:87.148,88.39 1 1
github.com/qthuy2k1/thesis-management-backend/classroom-svc/internal/handler/classroom.go:88.39,91.3 2 0
github.com/qthuy2k1/thesis-management-backend/classroom-svc/internal/handler/classroom.go:93.2,94.16 2 1
github.com/qthuy2k1/thesis-management-backend/classroom-svc/internal/handler/classroom.go:94.16,97.3 2 0
github.com/qthuy2k1/thesis-management-backend/classroom-svc/internal/handler/classroom.go:99.2,107.17 1 1
github.com/qthuy2k1/thesis-management-backend/classroom-svc/internal/handler/classroom.go:107.17,110.3 2 1
github.com/qthuy2k1/thesis-management-backend/classroom-svc/internal/handler/classroom.go:112.2,117.8 1 1
github.com/qthuy2k1/thesis-management-backend/classroom-svc/internal/handler/classroom.go:120.148,121.39 1 1
github.com/qthuy2k1/thesis-management-backend/classroom-svc/internal/handler/classroom.go:121.39,124.3 2 0
github.com/qthuy2k1/thesis-management-backend/classroom-svc/internal/handler/classroom.go:126.2,126.73 1 1
github.com/qthuy2k1/thesis-management-backend/classroom-svc/internal/handler/classroom.go:126.73,129.3 2 1
github.com/qthuy2k1/thesis-management-backend/classroom-svc/internal/handler/classroom.go:131.2,136.8 1 1
github.com/qthuy2k1/thesis-management-backend/classroom-svc/internal/handler/classroom.go:139.142,140.39 1 1
github.com/qthuy2k1/thesis-management-backend/classroom-svc/internal/handler/classroom.go:140.39,143.3 2 0
github.com/qthuy2k1/thesis-management-backend/classroom-svc/internal/handler/classroom.go:145.2,154.16 3 1
github.com/qthuy2k1/thesis-management-backend/classroom-svc/internal/handler/classroom.go:154.16,157.3 2 0
github.com/qthuy2k1/thesis-management-backend/classroom-svc/internal/handler/classroom.go:159.2,160.25 2 1
github.com/qthuy2k1/thesis-management-backend/classroom-svc/internal/handler/classroom.go:160.25,173.3 1 1
github.com/qthuy2k1/thesis-management-backend/classroom-svc/internal/handler/classroom.go:175.2,182.8 1 1
github.com/qthuy2k1/thesis-management-backend/classroom-svc/internal/handler/classroom.go:186.163,187.39 1 0
github.com/qthuy2k1/thesis-management-backend/classroom-svc/internal/handler/classroom.go:187.39,190.3 2 0
github.com/qthuy2k1/thesis-management-backend/classroom-svc/internal/handler/classroom.go:191.2,192.16 2 0
github.com/qthuy2k1/thesis-management-backend/classroom-svc/internal/handler/classroom.go:192.16,195.3 2 0
github.com/qthuy2k1/thesis-management-backend/classroom-svc/internal/handler/classroom.go:197.2,213.18 3 0
github.com/qthuy2k1/thesis-management-backend/classroom-svc/internal/handler/classroom.go:216.110,217.47 1 1
github.com/qthuy2k1/thesis-management-backend/classroom-svc/internal/handler/classroom.go:217.47,219.3 1 0
github.com/qthuy2k1/thesis-management-backend/classroom-svc/internal/handler/classroom.go:221.2,229.8 1 1
github.com/qthuy2k1/thesis-management-backend/classroom-svc/internal/handler/error.go:25.54,26.13 1 1
github.com/qthuy2k1/thesis-management-backend/classroom-svc/internal/handler/error.go:27.36,28.46 1 1
github.com/qthuy2k1/thesis-management-backend/classroom-svc/internal/handler/error.go:29.35,30.50 1 1
github.com/qthuy2k1/thesis-management-backend/classroom-svc/internal/handler/error.go:31.29,32.54 1 0
github.com/qthuy2k1/thesis-management-backend/classroom-svc/internal/handler/error.go:33.23,34.48 1 0
github.com/qthuy2k1/thesis-management-backend/classroom-svc/internal/handler/error.go:35.22,36.47 1 0
github.com/qthuy2k1/thesis-management-backend/classroom-svc/internal/handler/error.go:37.29,38.54 1 0
github.com/qthuy2k1/thesis-management-backend/classroom-svc/internal/handler/error.go:39.28,40.53 1 0
github.com/qthuy2k1/thesis-management-backend/classroom-svc/internal/handler/error.go:41.24,42.49 1 0
github.com/qthuy2k1/thesis-management-backend/classroom-svc/internal/handler/error.go:43.10,45.40 2 0
github.com/qthuy2k1/thesis-management-backend/classroom-svc/internal/handler/new.go:14.63,16.2 1 1
github.com/qthuy2k1/thesis-management-backend/classroom-svc/internal/service/classroom.go:25.90,36.67 2 1
github.com/qthuy2k1/thesis-management-backend/classroom-svc/internal/service/classroom.go:36.67,37.53 1 0
github.com/qthuy2k1/thesis-management-backend/classroom-svc/internal/service/classroom.go:37.53,39.4 1 0
github.com/qthuy2k1/thesis-management-backend/classroom-svc/internal/service/classroom.go:40.3,40.13 1 0
github.com/qthuy2k1/thesis-management-backend/classroom-svc/internal/service/classroom.go:43.2,43.12 1 1
github.com/qthuy2k1/thesis-management-backend/classroom-svc/internal/service/classroom.go:47.94,49.16 2 1
github.com/qthuy2k1/thesis-management-backend/classroom-svc/internal/service/classroom.go:49.16,50.54 1 1
github.com/qthuy2k1/thesis-management-backend/classroom-svc/internal/service/classroom.go:50.54,52.4 1 1
github.com/qthuy2k1/thesis-management-backend/classroom-svc/internal/service/classroom.go:53.3,53.35 1 0
github.com/qthuy2k1/thesis-management-backend/classroom-svc/internal/service/classroom.go:56.2,67.8 1 1
github.com/qthuy2k1/thesis-management-backend/classroom-svc/internal/service/classroom.go:71.88,72.62 1 0
github.com/qthuy2k1/thesis-management-backend/classroom-svc/internal/service/classroom.go:72.62,73.54 1 0
github.com/qthuy2k1/thesis-management-backend/classroom-svc/internal/service/classroom.go:73.54,75.4 1 0
github.com/qthuy2k1/thesis-management-backend/classroom-svc/internal/service/classroom.go:76.3,76.20 1 0
github.com/qthuy2k1/thesis-management-backend/classroom-svc/internal/service/classroom.go:79.2,79.18 1 0
github.com/qthuy2k1/thesis-management-backend/classroom-svc/internal/service/classroom.go:83.104,92.17 1 1
github.com/qthuy2k1/thesis-management-backend/classroom-svc/internal/service/classroom.go:92.17,93.54 1 1
github.com/qthuy2k1/thesis-management-backend/classroom-svc/internal/service/classroom.go:93.54,95.4 1 1
github.com/qthuy2k1/thesis-management-backend/classroom-svc/internal/service/classroom.go:96.3,96.13 1 0
github.com/qthuy2k1/thesis-management-backend/classroom-svc/internal/service/classroom.go:99.2,99.12 1 1
github.com/qthuy2k1/thesis-management-backend/classroom-svc/internal/service/classroom.go:103.75,104.62 1 1
github.com/qthuy2k1/thesis-management-backend/classroom-svc/internal/service/classroom.go:104.62,105.54 1 1
github.com/qthuy2k1/thesis-management-backend/classroom-svc/internal/service/classroom.go:105.54,107.4 1 1
github.com/qthuy2k1/thesis-management-backend/classroom-svc/internal/service/classroom.go:108.3,108.13 1 0
github.com/qthuy2k1/thesis-management-backend/classroom-svc/internal/service/classroom.go:111.2,111.12 1 1
github.com/qthuy2k1/thesis-management-backend/classroom-svc/internal/service/classroom.go:136.121,144.16 2 1
github.com/qthuy2k1/thesis-management-backend/classroom-svc/internal/service/classroom.go:144.16,146.3 1 0
github.com/qthuy2k1/thesis-management-backend/classroom-svc/internal/service/classroom.go:148.2,149.29 2 1
github.com/qthuy2k1/thesis-management-backend/classroom-svc/internal/service/classroom.go:149.29,162.3 1 1
github.com/qthuy2k1/thesis-management-backend/classroom-svc/internal/service/classroom.go:164.2,164.28 1 1
github.com/qthuy2k1/thesis-management-backend/classroom-svc/internal/service/classroom.go:167.113,169.16 2 0
github.com/qthuy2k1/thesis-management-backend/classroom-svc/internal/service/classroom.go:169.16,170.54 1 0
github.com/qthuy2k1/thesis-management-backend/classroom-svc/internal/service/classroom.go:170.54,172.4 1 0
github.com/qthuy2k1/thesis-management-backend/classroom-svc/internal/service/classroom.go:173.3,173.35 1 0
github.com/qthuy2k1/thesis-management-backend/classroom-svc/internal/service/classroom.go:176.2,187.8 1 0
github.com/qthuy2k1/thesis-management-backend/classroom-svc/internal/service/mock_IClassroomSvc.go:17.94,22.73 4 0
github.com/qthuy2k1/thesis-management-backend/classroom-svc/internal/service/mock_IClassroomSvc.go:22.73,24.3 1 0
github.com/qthuy2k1/thesis-management-backend/classroom-svc/internal/service/mock_IClassroomSvc.go:25.2,25.64 1 0
github.com/qthuy2k1/thesis-management-backend/classroom-svc/internal/service/mock_IClassroomSvc.go:25.64,27.3 1 0
github.com/qthuy2k1/thesis-management-backend/classroom-svc/internal/service/mock_IClassroomSvc.go:27.8,29.3 1 0
github.com/qthuy2k1/thesis-management-backend/classroom-svc/internal/service/mock_IClassroomSvc.go:31.2,31.65 1 0
github.com/qthuy2k1/thesis-management-backend/classroom-svc/internal/service/mock_IClassroomSvc.go:31.65,33.3 1 0
github.com/qthuy2k1/thesis-management-backend/classroom-svc/internal/service/mock_IClassroomSvc.go:33.8,35.3 1 0
github.com/qthuy2k1/thesis-management-backend/classroom-svc/internal/service/mock_IClassroomSvc.go:37.2,37.15 1 0
github.com/qthuy2k1/thesis-management-backend/classroom-svc/internal/service/mock_IClassroomSvc.go:41.96,45.79 3 0
github.com/qthuy2k1/thesis-management-backend/classroom-svc/internal/service/mock_IClassroomSvc.go:45.79,47.3 1 0
github.com/qthuy2k1/thesis-management-backend/classroom-svc/internal/service/mock_IClassroomSvc.go:47.8,49.3 1 0
github.com/qthuy2k1/thesis-management-backend/classroom-svc/internal/service/mock_IClassroomSvc.go:51.2,51.11 1 0
github.com/qthuy2k1/thesis-management-backend/classroom-svc/internal/service/mock_IClassroomSvc.go:55.81,59.65 3 0
github.com/qthuy2k1/thesis-management-backend/classroom-svc/internal/service/mock_IClassroomSvc.go:59.65,61.3 1 0
github.com/qthuy2k1/thesis-management-backend/classroom-svc/internal/service/mock_IClassroomSvc.go:61.8,63.3 1 0
github.com/qthuy2k1/thesis-management-backend/classroom-svc/internal/service/mock_IClassroomSvc.go:65.2,65.11 1 0
github.com/qthuy2k1/thesis-management-backend/classroom-svc/internal/service/mock_IClassroomSvc.go:69.100,74.87 4 0
github.com/qthuy2k1/thesis-management-backend/classroom-svc/internal/service/mock_IClassroomSvc.go:74.87,76.3 1 0
github.com/qthuy2k1/thesis-management-backend/classroom-svc/internal/service/mock_IClassroomSvc.go:77.2,77.78 1 0
github.com/qthuy2k1/thesis-management-backend/classroom-svc/internal/service/mock_IClassroomSvc.go:77.78,79.3 1 0
github.com/qthuy2k1/thesis-management-backend/classroom-svc/internal/service/mock_IClassroomSvc.go:79.8,81.3 1 0
github.com/qthuy2k1/thesis-management-backend/classroom-svc/internal/service/mock_IClassroomSvc.go:83.2,83.65 1 0
github.com/qthuy2k1/thesis-management-backend/classroom-svc/internal/service/mock_IClassroomSvc.go:83.65,85.3 1 0
github.com/qthuy2k1/thesis-management-backend/classroom-svc/internal/service/mock_IClassroomSvc.go:85.8,87.3 1 0
github.com/qthuy2k1/thesis-management-backend/classroom-svc/internal/service/mock_IClassroomSvc.go:89.2,89.15 1 0
github.com/qthuy2k1/thesis-management-backend/classroom-svc/internal/service/mock_IClassroomSvc.go:93.127,99.109 5 0
github.com/qthuy2k1/thesis-management-backend/classroom-svc/internal/service/mock_IClassroomSvc.go:99.109,101.3 1 0
github.com/qthuy2k1/thesis-management-backend/classroom-svc/internal/service/mock_IClassroomSvc.go:102.2,102.95 1 0
github.com/qthuy2k1/thesis-management-backend/classroom-svc/internal/service/mock_IClassroomSvc.go:102.95,104.3 1 0
github.com/qthuy2k1/thesis-management-backend/classroom-svc/internal/service/mock_IClassroomSvc.go:104.8,105.24 1 0
github.com/qthuy2k1/thesis-management-backend/classroom-svc/internal/service/mock_IClassroomSvc.go:105.24,107.4 1 0
github.com/qthuy2k1/thesis-management-backend/classroom-svc/internal/service/mock_IClassroomSvc.go:110.2,110.78 1 0
github.com/qthuy2k1/thesis-management-backend/classroom-svc/internal/service/mock_IClassroomSvc.go:110.78,112.3 1 0
github.com/qthuy2k1/thesis-management-backend/classroom-svc/internal/service/mock_IClassroomSvc.go:112.8,114.3 1 0
github.com/qthuy2k1/thesis-management-backend/classroom-svc/internal/service/mock_IClassroomSvc.go:116.2,116.80 1 0
github.com/qthuy2k1/thesis-management-backend/classroom-svc/internal/service/mock_IClassroomSvc.go:116.80,118.3 1 0
github.com/qthuy2k1/thesis-management-backend/classroom-svc/internal/service/mock_IClassroomSvc.go:118.8,120.3 1 0
github.com/qthuy2k1/thesis-management-backend/classroom-svc/internal/service/mock_IClassroomSvc.go:122.2,122.19 1 0
github.com/qthuy2k1/thesis-management-backend/classroom-svc/internal/service/mock_IClassroomSvc.go:126.119,131.90 4 0
github.com/qthuy2k1/thesis-management-backend/classroom-svc/internal/service/mock_IClassroomSvc.go:131.90,133.3 1 0
github.com/qthuy2k1/thesis-management-backend/classroom-svc/internal/service/mock_IClassroomSvc.go:134.2,134.81 1 0
github.com/qthuy2k1/thesis-management-backend/classroom-svc/internal/service/mock_IClassroomSvc.go:134.81,136.3 1 0
github.com/qthuy2k1/thesis-management-backend/classroom-svc/internal/service/mock_IClassroomSvc.go:136.8,138.3 1 0
github.com/qthuy2k1/thesis-management-backend/classroom-svc/internal/service/mock_IClassroomSvc.go:140.2,140.68 1 0
github.com/qthuy2k1/thesis-management-backend/classroom-svc/internal/service/mock_IClassroomSvc.go:140.68,142.3 1 0
github.com/qthuy2k1/thesis-management-backend/classroom-svc/internal/service/mock_IClassroomSvc.go:142.8,144.3 1 0
github.com/qthuy2k1/thesis-management-backend/classroom-svc/internal/service/mock_IClassroomSvc.go:146.2,146.15 1 0
github.com/qthuy2k1/thesis-management-backend/classroom-svc/internal/service/mock_IClassroomSvc.go:150.110,154.84 3 0
github.com/qthuy2k1/thesis-management-backend/classroom-svc/internal/service/mock_IClassroomSvc.go:154.84,156.3 1 0
github.com/qthuy2k1/thesis-management-backend/classroom-svc/internal/service/mock_IClassroomSvc.go:156.8,158.3 1 0
github.com/qthuy2k1/thesis-management-backend/classroom-svc/internal/service/mock_IClassroomSvc.go:160.2,160.11 1 0
github.com/qthuy2k1/thesis-management-backend/classroom-svc/internal/service/mock_IClassroomSvc.go:168.23,172.19 3 0
github.com/qthuy2k1/thesis-management-backend/classroom-svc/internal/service/mock_IClassroomSvc.go:172.19,172.49 1 0
github.com/qthuy2k1/thesis-management-backend/classroom-svc/internal/service/mock_IClassroomSvc.go:174.2,174.13 1 0
github.com/qthuy2k1/thesis-management-backend/classroom-svc/internal/service/new.go:29.71,31.2 1 1
github.com/qthuy2k1/thesis-management-backend/user-svc/internal/handler/error.go:23.54,24.13 1 1
github.com/qthuy2k1/thesis-management-backend/user-svc/internal/handler/error.go:25.31,26.41 1 1
github.com/qthuy2k1/thesis-management-backend/user-svc/internal/handler/error.go:27.30,28.45 1 1
github.com/qthuy2k1/thesis-management-backend/user-svc/internal/handler/error.go:29.24,30.49 1 0
github.com/qthuy2k1/thesis-management-backend/user-svc/internal/handler/error.go:31.33,32.43 1 0
github.com/qthuy2k1/thesis-management-backend/user-svc/internal/handler/error.go:33.32,34.47 1 0
github.com/qthuy2k1/thesis-management-backend/user-svc/internal/handler/error.go:35.26,36.51 1 0
github.com/qthuy2k1/thesis-management-backend/user-svc/internal/handler/error.go:37.10,39.40 2 0
github.com/qthuy2k1/thesis-management-backend/user-svc/internal/handler/member.go:15.128,18.16 3 0
github.com/qthuy2k1/thesis-management-backend/user-svc/internal/handler/member.go:18.16,21.3 2 0
github.com/qthuy2k1/thesis-management-backend/user-svc/internal/handler/member.go:23.2,23.55 1 0
github.com/qthuy2k1/thesis-management-backend/user-svc/internal/handler/member.go:23.55,26.3 2 0
github.com/qthuy2k1/thesis-management-backend/user-svc/internal/handler/member.go:28.2,35.18 2 0
github.com/qthuy2k1/thesis-management-backend/user-svc/internal/handler/member.go:39.119,41.39 2 0
github.com/qthuy2k1/thesis-management-backend/user-svc/internal/handler/member.go:41.39,44.3 2 0
github.com/qthuy2k1/thesis-management-backend/user-svc/internal/handler/member.go:45.2,46.16 2 0
github.com/qthuy2k1/thesis-management-backend/user-svc/internal/handler/member.go:46.16,49.3 2 0
github.com/qthuy2k1/thesis-management-backend/user-svc/internal/handler/member.go:51.2,68.18 3 0
github.com/qthuy2k1/thesis-management-backend/user-svc/internal/handler/member.go:71.128,73.39 2 0
github.com/qthuy2k1/thesis-management-backend/user-svc/internal/handler/member.go:73.39,76.3 2 0
github.com/qthuy2k1/thesis-management-backend/user-svc/internal/handler/member.go:78.2,79.16 2 0
github.com/qthuy2k1/thesis-management-backend/user-svc/internal/handler/member.go:79.16,82.3 2 0
github.com/qthuy2k1/thesis-management-backend/user-svc/internal/handler/member.go:84.2,89.17 1 0
github.com/qthuy2k1/thesis-management-backend/user-svc/internal/handler/member.go:89.17,92.3 2 0
github.com/qthuy2k1/thesis-management-backend/user-svc/internal/handler/member.go:94.2,99.8 1 0
github.com/qthuy2k1/thesis-management-backend/user-svc/internal/handler/member.go:102.128,104.39 2 0
github.com/qthuy2k1/thesis-management-backend/user-svc/internal/handler/member.go:104.39,107.3 2 0
github.com/qthuy2k1/thesis-management-backend/user-svc/internal/handler/member.go:109.2,109.70 1 0
github.com/qthuy2k1/thesis-management-backend/user-svc/internal/handler/member.go:109.70,112.3 2 0
github.com/qthuy2k1/thesis-management-backend/user-svc/internal/handler/member.go:114.2,119.8 1 0
github.com/qthuy2k1/thesis-management-backend/user-svc/internal/handler/member.go:122.122,124.39 2 0
github.com/qthuy2k1/thesis-management-backend/user-svc/internal/handler/member.go:124.39,127.3 2 0
github.com/qthuy2k1/thesis-management-backend/user-svc/internal/handler/member.go:129.2,130.16 2 0
github.com/qthuy2k1/thesis-management-backend/user-svc/internal/handler/member.go:130.16,133.3 2 0
github.com/qthuy2k1/thesis-management-backend/user-svc/internal/handler/member.go:135.2,136.23 2 0
github.com/qthuy2k1/thesis-management-backend/user-svc/internal/handler/member.go:136.23,145.3 1 0
github.com/qthuy2k1/thesis-management-backend/user-svc/internal/handler/member.go:147.2,154.8 1 0
github.com/qthuy2k1/thesis-management-backend/user-svc/internal/handler/member.go:157.164,159.39 2 0
github.com/qthuy2k1/thesis-management-backend/user-svc/internal/handler/member.go:159.39,162.3 2 0
github.com/qthuy2k1/thesis-management-backend/user-svc/internal/handler/member.go:164.2,165.16 2 0
github.com/qthuy2k1/thesis-management-backend/user-svc/internal/handler/member.go:165.16,168.3 2 0
github.com/qthuy2k1/thesis-management-backend/user-svc/internal/handler/member.go:170.2,171.23 2 0
github.com/qthuy2k1/thesis-management-backend/user-svc/internal/handler/member.go:171.23,180.3 1 0
github.com/qthuy2k1/thesis-management-backend/user-svc/internal/handler/member.go:182.2,189.8 1 0
github.com/qthuy2k1/thesis-management-backend/user-svc/internal/handler/member.go:192.155,194.16 2 0
github.com/qthuy2k1/thesis-management-backend/user-svc/internal/handler/member.go:194.16,196.40 2 0
github.com/qthuy2k1/thesis-management-backend/user-svc/internal/handler/member.go:196.40,203.4 1 0
github.com/qthuy2k1/thesis-management-backend/user-svc/internal/handler/member.go:205.3,205.50 1 0
github.com/qthuy2k1/thesis-management-backend/user-svc/internal/handler/member.go:208.2,221.8 1 0
github.com/qthuy2k1/thesis-management-backend/user-svc/internal/handler/member.go:224.95,225.44 1 0
github.com/qthuy2k1/thesis-management-backend/user-svc/internal/handler/member.go:225.44,227.3 1 0
github.com/qthuy2k1/thesis-management-backend/user-svc/internal/handler/member.go:229.2,234.8 1 0
github.com/qthuy2k1/thesis-management-backend/user-svc/internal/handler/member.go:238.131,240.39 2 0
github.com/qthuy2k1/thesis-management-backend/user-svc/internal/handler/member.go:240.39,243.3 2 0
github.com/qthuy2k1/thesis-management-backend/user-svc/internal/handler/member.go:244.2,245.16 2 0
github.com/qthuy2k1/thesis-management-backend/user-svc/internal/handler/member.go:245.16,248.3 2 0
github.com/qthuy2k1/thesis-management-backend/user-svc/internal/handler/member.go:250.2,263.18 3 0
github.com/qthuy2k1/thesis-management-backend/user-svc/internal/handler/new.go:14.48,16.2 1 1
github.com/qthuy2k1/thesis-management-backend/user-svc/internal/handler/studentDef.go:13.148,16.16 3 0
github.com/qthuy2k1/thesis-management-backend/user-svc/internal/handler/studentDef.go:16.16,19.3 2 0
github.com/qthuy2k1/thesis-management-backend/user-svc/internal/handler/studentDef.go:21.2,21.59 1 0
github.com/qthuy2k1/thesis-management-backend/user-svc/internal/handler/studentDef.go:21.59,24.3 2 0
github.com/qthuy2k1/thesis-management-backend/user-svc/internal/handler/studentDef.go:26.2,33.18 2 0
github.com/qthuy2k1/thesis-management-backend/user-svc/internal/handler/studentDef.go:37.139,39.39 2 0
github.com/qthuy2k1/thesis-management-backend/user-svc/internal/handler/studentDef.go:39.39,42.3 2 0
github.com/qthuy2k1/thesis-management-backend/user-svc/internal/handler/studentDef.go:43.2,44.16 2 0
github.com/qthuy2k1/thesis-management-backend/user-svc/internal/handler/studentDef.go:44.16,47.3 2 0
github.com/qthuy2k1/thesis-management-backend/user-svc/internal/handler/studentDef.go:50.2,51.16 2 0
github.com/qthuy2k1/thesis-management-backend/user-svc/internal/handler/studentDef.go:51.16,54.3 2 0
github.com/qthuy2k1/thesis-management-backend/user-svc/internal/handler/studentDef.go:57.2,58.16 2 0
github.com/qthuy2k1/thesis-management-backend/user-svc/internal/handler/studentDef.go:58.16,61.3 2 0
github.com/qthuy2k1/thesis-management-backend/user-svc/internal/handler/studentDef.go:63.2,96.18 3 0
github.com/qthuy2k1/thesis-management-backend/user-svc/internal/handler/studentDef.go:99.148,101.39 2 0
github.com/qthuy2k1/thesis-management-backend/user-svc/internal/handler/studentDef.go:101.39,104.3 2 0
github.com/qthuy2k1/thesis-management-backend/user-svc/internal/handler/studentDef.go:106.2,107.16 2 0
github.com/qthuy2k1/thesis-management-backend/user-svc/internal/handler/studentDef.go:107.16,110.3 2 0
github.com/qthuy2k1/thesis-management-backend/user-svc/internal/handler/studentDef.go:112.2,116.17 1 0
github.com/qthuy2k1/thesis-management-backend/user-svc/internal/handler/studentDef.go:116.17,119.3 2 0
github.com/qthuy2k1/thesis-management-backend/user-svc/internal/handler/studentDef.go:121.2,126.8 1 0
github.com/qthuy2k1/thesis-management-backend/user-svc/internal/handler/studentDef.go:129.148,131.39 2 0
github.com/qthuy2k1/thesis-management-backend/user-svc/internal/handler/studentDef.go:131.39,134.3 2 0
github.com/qthuy2k1/thesis-management-backend/user-svc/internal/handler/studentDef.go:136.2,136.74 1 0
github.com/qthuy2k1/thesis-management-backend/user-svc/internal/handler/studentDef.go:136.74,139.3 2 0
github.com/qthuy2k1/thesis-management-backend/user-svc/internal/handler/studentDef.go:141.2,146.8 1 0
github.com/qthuy2k1/thesis-management-backend/user-svc/internal/handler/studentDef.go:149.142,151.39 2 0
github.com/qthuy2k1/thesis-management-backend/user-svc/internal/handler/studentDef.go:151.39,154.3 2 0
github.com/qthuy2k1/thesis-management-backend/user-svc/internal/handler/studentDef.go:156.2,157.16 2 0
github.com/qthuy2k1/thesis-management-backend/user-svc/internal/handler/studentDef.go:157.16,160.3 2 0
github.com/qthuy2k1/thesis-management-backend/user-svc/internal/handler/studentDef.go:162.2,163.25 2 0
github.com/qthuy2k1/thesis-management-backend/user-svc/internal/handler/studentDef.go:163.25,166.17 2 0
github.com/qthuy2k1/thesis-management-backend/user-svc/internal/handler/studentDef.go:166.17,169.4 2 0
github.com/qthuy2k1/thesis-management-backend/user-svc/internal/handler/studentDef.go:172.3,173.17 2 0
github.com/qthuy2k1/thesis-management-backend/user-svc/internal/handler/studentDef.go:173.17,176.4 2 0
github.com/qthuy2k1/thesis-management-backend/user-svc/internal/handler/studentDef.go:178.3,201.5 1 0
github.com/qthuy2k1/thesis-management-backend/user-svc/internal/handler/studentDef.go:204.2,211.8 1 0
github.com/qthuy2k1/thesis-management-backend/user-svc/internal/handler/studentDef.go:214.187,216.39 2 0
github.com/qthuy2k1/thesis-management-backend/user-svc/internal/handler/studentDef.go:216.39,219.3 2 0
github.com/qthuy2k1/thesis-management-backend/user-svc/internal/handler/studentDef.go:221.2,222.16 2 0
github.com/qthuy2k1/thesis-management-backend/user-svc/internal/handler/studentDef.go:222.16,225.3 2 0
github.com/qthuy2k1/thesis-management-backend/user-svc/internal/handler/studentDef.go:227.2,228.25 2 0
github.com/qthuy2k1/thesis-management-backend/user-svc/internal/handler/studentDef.go:228.25,231.17 2 0
github.com/qthuy2k1/thesis-management-backend/user-svc/internal/handler/studentDef.go:231.17,234.4 2 0
github.com/qthuy2k1/thesis-management-backend/user-svc/internal/handler/studentDef.go:237.3,238.17 2 0
github.com/qthuy2k1/thesis-management-backend/user-svc/internal/handler/studentDef.go:238.17,241.4 2 0
github.com/qthuy2k1/thesis-management-backend/user-svc/internal/handler/studentDef.go:243.3,266.5 1 0
github.com/qthuy2k1/thesis-management-backend/user-svc/internal/handler/studentDef.go:269.2,276.8 1 0
github.com/qthuy2k1/thesis-management-backend/user-svc/internal/handler/studentDef.go:279.115,280.48 1 0
github.com/qthuy2k1/thesis-management-backend/user-svc/internal/handler/studentDef.go:280.48,282.3 1 0
github.com/qthuy2k1/thesis-management-backend/user-svc/internal/handler/studentDef.go:284.2,288.8 1 0
github.com/qthuy2k1/thesis-management-backend/user-svc/internal/handler/studentDef.go:292.178,294.39 2 0
github.com/qthuy2k1/thesis-management-backend/user-svc/internal/handler/studentDef.go:294.39,297.3 2 0
github.com/qthuy2k1/thesis-management-backend/user-svc/internal/handler/studentDef.go:298.2,299.16 2 0
github.com/qthuy2k1/thesis-management-backend/user-svc/internal/handler/studentDef.go:299.16,302.3 2 0
github.com/qthuy2k1/thesis-management-backend/user-svc/internal/handler/studentDef.go:305.2,306.16 2 0
github.com/qthuy2k1/thesis-management-backend/user-svc/internal/handler/studentDef.go:306.16,309.3 2 0
github.com/qthuy2k1/thesis-management-backend/user-svc/internal/handler/studentDef.go:312.2,313.16 2 0
github.com/qthuy2k1/thesis-management-backend/user-svc/internal/handler/studentDef.go:313.16,316.3 2 0
github.com/qthuy2k1/thesis-management-backend/user-svc/internal/handler/studentDef.go:318.2,347.18 3 0
github.com/qthuy2k1/thesis-management-backend/user-svc/internal/handler/user.go:12.118,14.16 2 1
github.com/qthuy2k1/thesis-management-backend/user-svc/internal/handler/user.go:14.16,17.3 2 0
github.com/qthuy2k1/thesis-management-backend/user-svc/internal/handler/user.go:19.2,19.53 1 1
github.com/qthuy2k1/thesis-management-backend/user-svc/internal/handler/user.go:19.53,22.3 2 1
github.com/qthuy2k1/thesis-management-backend/user-svc/internal/handler/user.go:24.2,31.18 2 1
github.com/qthuy2k1/thesis-management-backend/user-svc/internal/handler/user.go:35.109,36.39 1 1
github.com/qthuy2k1/thesis-management-backend/user-svc/internal/handler/user.go:36.39,39.3 2 0
github.com/qthuy2k1/thesis-management-backend/user-svc/internal/handler/user.go:41.2,42.16 2 1
github.com/qthuy2k1/thesis-management-backend/user-svc/internal/handler/user.go:42.16,45.3 2 1
github.com/qthuy2k1/thesis-management-backend/user-svc/internal/handler/user.go:47.2,67.18 3 1
github.com/qthuy2k1/thesis-management-backend/user-svc/internal/handler/user.go:70.118,71.39 1 1
github.com/qthuy2k1/thesis-management-backend/user-svc/internal/handler/user.go:71.39,74.3 2 0
github.com/qthuy2k1/thesis-management-backend/user-svc/internal/handler/user.go:76.2,77.16 2 1
github.com/qthuy2k1/thesis-management-backend/user-svc/internal/handler/user.go:77.16,80.3 2 0
github.com/qthuy2k1/thesis-management-backend/user-svc/internal/handler/user.go:82.2,91.17 1 1
github.com/qthuy2k1/thesis-management-backend/user-svc/internal/handler/user.go:91.17,94.3 2 1
github.com/qthuy2k1/thesis-management-backend/user-svc/internal/handler/user.go:96.2,101.8 1 1
github.com/qthuy2k1/thesis-management-backend/user-svc/internal/handler/user.go:104.118,105.39 1 1
github.com/qthuy2k1/thesis-management-backend/user-svc/internal/handler/user.go:105.39,108.3 2 0
github.com/qthuy2k1/thesis-management-backend/user-svc/internal/handler/user.go:110.2,110.63 1 1
github.com/qthuy2k1/thesis-management-backend/user-svc/internal/handler/user.go:110.63,113.3 2 1
github.com/qthuy2k1/thesis-management-backend/user-svc/internal/handler/user.go:115.2,120.8 1 1
github.com/qthuy2k1/thesis-management-backend/user-svc/internal/handler/user.go:123.112,124.39 1 1
github.com/qthuy2k1/thesis-management-backend/user-svc/internal/handler/user.go:124.39,127.3 2 0
github.com/qthuy2k1/thesis-management-backend/user-svc/internal/handler/user.go:129.2,130.16 2 1
github.com/qthuy2k1/thesis-management-backend/user-svc/internal/handler/user.go:130.16,133.3 2 0
github.com/qthuy2k1/thesis-management-backend/user-svc/internal/handler/user.go:135.2,136.23 2 1
github.com/qthuy2k1/thesis-management-backend/user-svc/internal/handler/user.go:136.23,148.3 1 1
github.com/qthuy2k1/thesis-management-backend/user-svc/internal/handler/user.go:150.2,157.8 1 1
github.com/qthuy2k1/thesis-management-backend/user-svc/internal/handler/user.go:160.133,162.16 2 0
github.com/qthuy2k1/thesis-management-backend/user-svc/internal/handler/user.go:162.16,165.3 2 0
github.com/qthuy2k1/thesis-management-backend/user-svc/internal/handler/user.go:167.2,168.23 2 0
github.com/qthuy2k1/thesis-management-backend/user-svc/internal/handler/user.go:168.23,180.3 1 0
github.com/qthuy2k1/thesis-management-backend/user-svc/internal/handler/user.go:182.2,189.8 1 0
github.com/qthuy2k1/thesis-management-backend/user-svc/internal/handler/user.go:192.148,193.96 1 0
github.com/qthuy2k1/thesis-management-backend/user-svc/internal/handler/user.go:193.96,196.3 2 0
github.com/qthuy2k1/thesis-management-backend/user-svc/internal/handler/user.go:198.2,203.8 1 0
github.com/qthuy2k1/thesis-management-backend/user-svc/internal/handler/user.go:206.85,207.42 1 1
github.com/qthuy2k1/thesis-management-backend/user-svc/internal/handler/user.go:207.42,209.3 1 0
github.com/qthuy2k1/thesis-management-backend/user-svc/internal/handler/user.go:211.2,221.8 1 1
github.com/qthuy2k1/thesis-management-backend/user-svc/internal/service/member.go:28.77,36.62 2 0
github.com/qthuy2k1/thesis-management-backend/user-svc/internal/service/member.go:36.62,37.50 1 0
github.com/qthuy2k1/thesis-management-backend/user-svc/internal/service/member.go:37.50,39.4 1 0
github.com/qthuy2k1/thesis-management-backend/user-svc/internal/service/member.go:40.3,40.13 1 0
github.com/qthuy2k1/thesis-management-backend/user-svc/internal/service/member.go:43.2,43.12 1 0
github.com/qthuy2k1/thesis-management-backend/user-svc/internal/service/member.go:47.83,49.16 2 0
github.com/qthuy2k1/thesis-management-backend/user-svc/internal/service/member.go:49.16,50.51 1 0
github.com/qthuy2k1/thesis-management-backend/user-svc/internal/service/member.go:50.51,52.4 1 0
github.com/qthuy2k1/thesis-management-backend/user-svc/internal/service/member.go:53.3,53.32 1 0
github.com/qthuy2k1/thesis-management-backend/user-svc/internal/service/member.go:56.2,63.8 1 0
github.com/qthuy2k1/thesis-management-backend/user-svc/internal/service/member.go:67.90,73.17 1 0
github.com/qthuy2k1/thesis-management-backend/user-svc/internal/service/member.go:73.17,74.51 1 0
github.com/qthuy2k1/thesis-management-backend/user-svc/internal/service/member.go:74.51,76.4 1 0
github.com/qthuy2k1/thesis-management-backend/user-svc/internal/service/member.go:77.3,77.13 1 0
github.com/qthuy2k1/thesis-management-backend/user-svc/internal/service/member.go:80.2,80.12 1 0
github.com/qthuy2k1/thesis-management-backend/user-svc/internal/service/member.go:84.67,85.59 1 0
github.com/qthuy2k1/thesis-management-backend/user-svc/internal/service/member.go:85.59,86.51 1 0
github.com/qthuy2k1/thesis-management-backend/user-svc/internal/service/member.go:86.51,88.4 1 0
github.com/qthuy2k1/thesis-management-backend/user-svc/internal/service/member.go:89.3,89.13 1 0
github.com/qthuy2k1/thesis-management-backend/user-svc/internal/service/member.go:92.2,92.12 1 0
github.com/qthuy2k1/thesis-management-backend/user-svc/internal/service/member.go:96.83,98.16 2 0
github.com/qthuy2k1/thesis-management-backend/user-svc/internal/service/member.go:98.16,100.3 1 0
github.com/qthuy2k1/thesis-management-backend/user-svc/internal/service/member.go:102.2,103.27 2 0
github.com/qthuy2k1/thesis-management-backend/user-svc/internal/service/member.go:103.27,112.3 1 0
github.com/qthuy2k1/thesis-management-backend/user-svc/internal/service/member.go:114.2,114.26 1 0
github.com/qthuy2k1/thesis-management-backend/user-svc/internal/service/member.go:118.114,120.16 2 0
github.com/qthuy2k1/thesis-management-backend/user-svc/internal/service/member.go:120.16,122.3 1 0
github.com/qthuy2k1/thesis-management-backend/user-svc/internal/service/member.go:124.2,125.27 2 0
github.com/qthuy2k1/thesis-management-backend/user-svc/internal/service/member.go:125.27,134.3 1 0
github.com/qthuy2k1/thesis-management-backend/user-svc/internal/service/member.go:136.2,136.26 1 0
github.com/qthuy2k1/thesis-management-backend/user-svc/internal/service/member.go:140.102,142.16 2 0
github.com/qthuy2k1/thesis-management-backend/user-svc/internal/service/member.go:142.16,143.51 1 0
github.com/qthuy2k1/thesis-management-backend/user-svc/internal/service/member.go:143.51,145.4 1 0
github.com/qthuy2k1/thesis-management-backend/user-svc/internal/service/member.go:146.3,146.32 1 0
github.com/qthuy2k1/thesis-management-backend/user-svc/internal/service/member.go:149.2,156.8 1 0
github.com/qthuy2k1/thesis-management-backend/user-svc/internal/service/member.go:160.94,162.16 2 0
github.com/qthuy2k1/thesis-management-backend/user-svc/internal/service/member.go:162.16,163.51 1 0
github.com/qthuy2k1/thesis-management-backend/user-svc/internal/service/member.go:163.51,165.4 1 0
github.com/qthuy2k1/thesis-management-backend/user-svc/internal/service/member.go:166.3,166.32 1 0
github.com/qthuy2k1/thesis-management-backend/user-svc/internal/service/member.go:169.2,176.8 1 0
github.com/qthuy2k1/thesis-management-backend/user-svc/internal/service/mock_IUserSvc.go:17.83,21.76 3 0
github.com/qthuy2k1/thesis-management-backend/user-svc/internal/service/mock_IUserSvc.go:21.76,23.3 1 0
github.com/qthuy2k1/thesis-management-backend/user-svc/internal/service/mock_IUserSvc.go:23.8,25.3 1 0
github.com/qthuy2k1/thesis-management-backend/user-svc/internal/service/mock_IUserSvc.go:27.2,27.11 1 0
github.com/qthuy2k1/thesis-management-backend/user-svc/internal/service/mock_IUserSvc.go:31.91,35.80 3 0
github.com/qthuy2k1/thesis-management-backend/user-svc/internal/service/mock_IUserSvc.go:35.80,37.3 1 0
github.com/qthuy2k1/thesis-management-backend/user-svc/internal/service/mock_IUserSvc.go:37.8,39.3 1 0
github.com/qthuy2k1/thesis-management-backend/user-svc/internal/service/mock_IUserSvc.go:41.2,41.11 1 0
github.com/qthuy2k1/thesis-management-backend/user-svc/internal/service/mock_IUserSvc.go:45.79,49.74 3 0
github.com/qthuy2k1/thesis-management-backend/user-svc/internal/service/mock_IUserSvc.go:49.74,51.3 1 0
github.com/qthuy2k1/thesis-management-backend/user-svc/internal/service/mock_IUserSvc.go:51.8,53.3 1 0
github.com/qthuy2k1/thesis-management-backend/user-svc/internal/service/mock_IUserSvc.go:55.2,55.11 1 0
github.com/qthuy2k1/thesis-management-backend/user-svc/internal/service/mock_IUserSvc.go:59.73,63.65 3 0
github.com/qthuy2k1/thesis-management-backend/user-svc/internal/service/mock_IUserSvc.go:63.65,65.3 1 0
github.com/qthuy2k1/thesis-management-backend/user-svc/internal/service/mock_IUserSvc.go:65.8,67.3 1 0
github.com/qthuy2k1/thesis-management-backend/user-svc/internal/service/mock_IUserSvc.go:69.2,69.11 1 0
github.com/qthuy2k1/thesis-management-backend/user-svc/internal/service/mock_IUserSvc.go:73.77,77.65 3 0
github.com/qthuy2k1/thesis-management-backend/user-svc/internal/service/mock_IUserSvc.go:77.65,79.3 1 0
github.com/qthuy2k1/thesis-management-backend/user-svc/internal/service/mock_IUserSvc.go:79.8,81.3 1 0
github.com/qthuy2k1/thesis-management-backend/user-svc/internal/service/mock_IUserSvc.go:83.2,83.11 1 0
github.com/qthuy2k1/thesis-management-backend/user-svc/internal/service/mock_IUserSvc.go:87.74,91.68 3 0
github.com/qthuy2k1/thesis-management-backend/user-svc/internal/service/mock_IUserSvc.go:91.68,93.3 1 0
github.com/qthuy2k1/thesis-management-backend/user-svc/internal/service/mock_IUserSvc.go:93.8,95.3 1 0
github.com/qthuy2k1/thesis-management-backend/user-svc/internal/service/mock_IUserSvc.go:97.2,97.11 1 0
github.com/qthuy2k1/thesis-management-backend/user-svc/internal/service/mock_IUserSvc.go:101.92,107.84 5 0
github.com/qthuy2k1/thesis-management-backend/user-svc/internal/service/mock_IUserSvc.go:107.84,109.3 1 0
github.com/qthuy2k1/thesis-management-backend/user-svc/internal/service/mock_IUserSvc.go:110.2,110.70 1 0
github.com/qthuy2k1/thesis-management-backend/user-svc/internal/service/mock_IUserSvc.go:110.70,112.3 1 0
github.com/qthuy2k1/thesis-management-backend/user-svc/internal/service/mock_IUserSvc.go:112.8,113.24 1 0
github.com/qthuy2k1/thesis-management-backend/user-svc/internal/service/mock_IUserSvc.go:113.24,115.4 1 0
github.com/qthuy2k1/thesis-management-backend/user-svc/internal/service/mock_IUserSvc.go:118.2,118.58 1 0
github.com/qthuy2k1/thesis-management-backend/user-svc/internal/service/mock_IUserSvc.go:118.58,120.3 1 0
github.com/qthuy2k1/thesis-management-backend/user-svc/internal/service/mock_IUserSvc.go:120.8,122.3 1 0
github.com/qthuy2k1/thesis-management-backend/user-svc/internal/service/mock_IUserSvc.go:124.2,124.60 1 0
github.com/qthuy2k1/thesis-management-backend/user-svc/internal/service/mock_IUserSvc.go:124.60,126.3 1 0
github.com/qthuy2k1/thesis-management-backend/user-svc/internal/service/mock_IUserSvc.go:126.8,128.3 1 0
github.com/qthuy2k1/thesis-management-backend/user-svc/internal/service/mock_IUserSvc.go:130.2,130.19 1 0
github.com/qthuy2k1/thesis-management-backend/user-svc/internal/service/mock_IUserSvc.go:134.120,140.91 5 0
github.com/qthuy2k1/thesis-management-backend/user-svc/internal/service/mock_IUserSvc.go:140.91,142.3 1 0
github.com/qthuy2k1/thesis-management-backend/user-svc/internal/service/mock_IUserSvc.go:143.2,143.77 1 0
github.com/qthuy2k1/thesis-management-backend/user-svc/internal/service/mock_IUserSvc.go:143.77,145.3 1 0
github.com/qthuy2k1/thesis-management-backend/user-svc/internal/service/mock_IUserSvc.go:145.8,146.24 1 0
github.com/qthuy2k1/thesis-management-backend/user-svc/internal/service/mock_IUserSvc.go:146.24,148.4 1 0
github.com/qthuy2k1/thesis-management-backend/user-svc/internal/service/mock_IUserSvc.go:151.2,151.63 1 0
github.com/qthuy2k1/thesis-management-backend/user-svc/internal/service/mock_IUserSvc.go:151.63,153.3 1 0
github.com/qthuy2k1/thesis-management-backend/user-svc/internal/service/mock_IUserSvc.go:153.8,155.3 1 0
github.com/qthuy2k1/thesis-management-backend/user-svc/internal/service/mock_IUserSvc.go:157.2,157.65 1 0
github.com/qthuy2k1/thesis-management-backend/user-svc/internal/service/mock_IUserSvc.go:157.65,159.3 1 0
github.com/qthuy2k1/thesis-management-backend/user-svc/internal/service/mock_IUserSvc.go:159.8,161.3 1 0
github.com/qthuy2k1/thesis-management-backend/user-svc/internal/service/mock_IUserSvc.go:163.2,163.19 1 0
github.com/qthuy2k1/thesis-management-backend/user-svc/internal/service/mock_IUserSvc.go:167.133,173.98 5 0
github.com/qthuy2k1/thesis-management-backend/user-svc/internal/service/mock_IUserSvc.go:173.98,175.3 1 0
github.com/qthuy2k1/thesis-management-backend/user-svc/internal/service/mock_IUserSvc.go:176.2,176.84 1 0
github.com/qthuy2k1/thesis-management-backend/user-svc/internal/service/mock_IUserSvc.go:176.84,178.3 1 0
github.com/qthuy2k1/thesis-management-backend/user-svc/internal/service/mock_IUserSvc.go:178.8,179.24 1 0
github.com/qthuy2k1/thesis-management-backend/user-svc/internal/service/mock_IUserSvc.go:179.24,181.4 1 0
github.com/qthuy2k1/thesis-management-backend/user-svc/internal/service/mock_IUserSvc.go:184.2,184.66 1 0
github.com/qthuy2k1/thesis-management-backend/user-svc/internal/service/mock_IUserSvc.go:184.66,186.3 1 0
github.com/qthuy2k1/thesis-management-backend/user-svc/internal/service/mock_IUserSvc.go:186.8,188.3 1 0
github.com/qthuy2k1/thesis-management-backend/user-svc/internal/service/mock_IUserSvc.go:190.2,190.68 1 0
github.com/qthuy2k1/thesis-management-backend/user-svc/internal/service/mock_IUserSvc.go:190.68,192.3 1 0
github.com/qthuy2k1/thesis-management-backend/user-svc/internal/service/mock_IUserSvc.go:192.8,194.3 1 0
github.com/qthuy2k1/thesis-management-backend/user-svc/internal/service/mock_IUserSvc.go:196.2,196.19 1 0
github.com/qthuy2k1/thesis-management-backend/user-svc/internal/service/mock_IUserSvc.go:200.89,205.84 4 0
github.com/qthuy2k1/thesis-management-backend/user-svc/internal/service/mock_IUserSvc.go:205.84,207.3 1 0
github.com/qthuy2k1/thesis-management-backend/user-svc/internal/service/mock_IUserSvc.go:208.2,208.75 1 0
github.com/qthuy2k1/thesis-management-backend/user-svc/internal/service/mock_IUserSvc.go:208.75,210.3 1 0
github.com/qthuy2k1/thesis-management-backend/user-svc/internal/service/mock_IUserSvc.go:210.8,212.3 1 0
github.com/qthuy2k1/thesis-management-backend/user-svc/internal/service/mock_IUserSvc.go:214.2,214.65 1 0
github.com/qthuy2k1/thesis-management-backend/user-svc/internal/service/mock_IUserSvc.go:214.65,216.3 1 0
github.com/qthuy2k1/thesis-management-backend/user-svc/internal/service/mock_IUserSvc.go:216.8,218.3 1 0
github.com/qthuy2k1/thesis-management-backend/user-svc/internal/service/mock_IUserSvc.go:220.2,220.15 1 0
github.com/qthuy2k1/thesis-management-backend/user-svc/internal/service/mock_IUserSvc.go:224.89,230.86 5 0
github.com/qthuy2k1/thesis-management-backend/user-svc/internal/service/mock_IUserSvc.go:230.86,232.3 1 0
github.com/qthuy2k1/thesis-management-backend/user-svc/internal/service/mock_IUserSvc.go:233.2,233.72 1 0
github.com/qthuy2k1/thesis-management-backend/user-svc/internal/service/mock_IUserSvc.go:233.72,235.3 1 0
github.com/qthuy2k1/thesis-management-backend/user-svc/internal/service/mock_IUserSvc.go:235.8,236.24 1 0
github.com/qthuy2k1/thesis-management-backend/user-svc/internal/service/mock_IUserSvc.go:236.24,238.4 1 0
github.com/qthuy2k1/thesis-management-backend/user-svc/internal/service/mock_IUserSvc.go:241.2,241.58 1 0
github.com/qthuy2k1/thesis-management-backend/user-svc/internal/service/mock_IUserSvc.go:241.58,243.3 1 0
github.com/qthuy2k1/thesis-management-backend/user-svc/internal/service/mock_IUserSvc.go:243.8,245.3 1 0
github.com/qthuy2k1/thesis-management-backend/user-svc/internal/service/mock_IUserSvc.go:247.2,247.60 1 0
github.com/qthuy2k1/thesis-management-backend/user-svc/internal/service/mock_IUserSvc.go:247.60,249.3 1 0
github.com/qthuy2k1/thesis-management-backend/user-svc/internal/service/mock_IUserSvc.go:249.8,251.3 1 0
github.com/qthuy2k1/thesis-management-backend/user-svc/internal/service/mock_IUserSvc.go:253.2,253.19 1 0
github.com/qthuy2k1/thesis-management-backend/user-svc/internal/service/mock_IUserSvc.go:257.97,262.88 4 0
github.com/qthuy2k1/thesis-management-backend/user-svc/internal/service/mock_IUserSvc.go:262.88,264.3 1 0
github.com/qthuy2k1/thesis-management-backend/user-svc/internal/service/mock_IUserSvc.go:265.2,265.79 1 0
github.com/qthuy2k1/thesis-management-backend/user-svc/internal/service/mock_IUserSvc.go:265.79,267.3 1 0
github.com/qthuy2k1/thesis-management-backend/user-svc/internal/service/mock_IUserSvc.go:267.8,269.3 1 0
github.com/qthuy2k1/thesis-management-backend/user-svc/internal/service/mock_IUserSvc.go:271.2,271.65 1 0
github.com/qthuy2k1/thesis-management-backend/user-svc/internal/service/mock_IUserSvc.go:271.65,273.3 1 0
github.com/qthuy2k1/thesis-management-backend/user-svc/internal/service/mock_IUserSvc.go:273.8,275.3 1 0
github.com/qthuy2k1/thesis-management-backend/user-svc/internal/service/mock_IUserSvc.go:277.2,277.15 1 0
github.com/qthuy2k1/thesis-management-backend/user-svc/internal/service/mock_IUserSvc.go:281.119,286.88 4 0
github.com/qthuy2k1/thesis-management-backend/user-svc/internal/service/mock_IUserSvc.go:286.88,288.3 1 0
github.com/qthuy2k1/thesis-management-backend/user-svc/internal/service/mock_IUserSvc.go:289.2,289.79 1 0
github.com/qthuy2k1/thesis-management-backend/user-svc/internal/service/mock_IUserSvc.go:289.79,291.3 1 0
github.com/qthuy2k1/thesis-management-backend/user-svc/internal/service/mock_IUserSvc.go:291.8,293.3 1 0
github.com/qthuy2k1/thesis-management-backend/user-svc/internal/service/mock_IUserSvc.go:295.2,295.65 1 0
github.com/qthuy2k1/thesis-management-backend/user-svc/internal/service/mock_IUserSvc.go:295.65,297.3 1 0
github.com/qthuy2k1/thesis-management-backend/user-svc/internal/service/mock_IUserSvc.go:297.8,299.3 1 0
github.com/qthuy2k1/thesis-management-backend/user-svc/internal/service/mock_IUserSvc.go:301.2,301.15 1 0
github.com/qthuy2k1/thesis-management-backend/user-svc/internal/service/mock_IUserSvc.go:305.97,311.90 5 0
github.com/qthuy2k1/thesis-management-backend/user-svc/internal/service/mock_IUserSvc.go:311.90,313.3 1 0
github.com/qthuy2k1/thesis-management-backend/user-svc/internal/service/mock_IUserSvc.go:314.2,314.76 1 0
github.com/qthuy2k1/thesis-management-backend/user-svc/internal/service/mock_IUserSvc.go:314.76,316.3 1 0
github.com/qthuy2k1/thesis-management-backend/user-svc/internal/service/mock_IUserSvc.go:316.8,317.24 1 0
github.com/qthuy2k1/thesis-management-backend/user-svc/internal/service/mock_IUserSvc.go:317.24,319.4 1 0
github.com/qthuy2k1/thesis-management-backend/user-svc/internal/service/mock_IUserSvc.go:322.2,322.58 1 0
github.com/qthuy2k1/thesis-management-backend/user-svc/internal/service/mock_IUserSvc.go:322.58,324.3 1 0
github.com/qthuy2k1/thesis-management-backend/user-svc/internal/service/mock_IUserSvc.go:324.8,326.3 1 0
github.com/qthuy2k1/thesis-management-backend/user-svc/internal/service/mock_IUserSvc.go:328.2,328.60 1 0
github.com/qthuy2k1/thesis-management-backend/user-svc/internal/service/mock_IUserSvc.go:328.60,330.3 1 0
github.com/qthuy2k1/thesis-management-backend/user-svc/internal/service/mock_IUserSvc.go:330.8,332.3 1 0
github.com/qthuy2k1/thesis-management-backend/user-svc/internal/service/mock_IUserSvc.go:334.2,334.19 1 0
github.com/qthuy2k1/thesis-management-backend/user-svc/internal/service/mock_IUserSvc.go:338.88,343.85 4 0
github.com/qthuy2k1/thesis-management-backend/user-svc/internal/service/mock_IUserSvc.go:343.85,345.3 1 0
github.com/qthuy2k1/thesis-management-backend/user-svc/internal/service/mock_IUserSvc.go:346.2,346.76 1 0
github.com/qthuy2k1/thesis-management-backend/user-svc/internal/service/mock_IUserSvc.go:346.76,348.3 1 0
github.com/qthuy2k1/thesis-management-backend/user-svc/internal/service/mock_IUserSvc.go:348.8,350.3 1 0
github.com/qthuy2k1/thesis-management-backend/user-svc/internal/service/mock_IUserSvc.go:352.2,352.68 1 0
github.com/qthuy2k1/thesis-management-backend/user-svc/internal/service/mock_IUserSvc.go:352.68,354.3 1 0
github.com/qthuy2k1/thesis-management-backend/user-svc/internal/service/mock_IUserSvc.go:354.8,356.3 1 0
github.com/qthuy2k1/thesis-management-backend/user-svc/internal/service/mock_IUserSvc.go:358.2,358.15 1 0
github.com/qthuy2k1/thesis-management-backend/user-svc/internal/service/mock_IUserSvc.go:362.100,367.87 4 0
github.com/qthuy2k1/thesis-management-backend/user-svc/internal/service/mock_IUserSvc.go:367.87,369.3 1 0
github.com/qthuy2k1/thesis-management-backend/user-svc/internal/service/mock_IUserSvc.go:370.2,370.78 1 0
github.com/qthuy2k1/thesis-management-backend/user-svc/internal/service/mock_IUserSvc.go:370.78,372.3 1 0
github.com/qthuy2k1/thesis-management-backend/user-svc/internal/service/mock_IUserSvc.go:372.8,374.3 1 0
github.com/qthuy2k1/thesis-management-backend/user-svc/internal/service/mock_IUserSvc.go:376.2,376.68 1 0
github.com/qthuy2k1/thesis-management-backend/user-svc/internal/service/mock_IUserSvc.go:376.68,378.3 1 0
github.com/qthuy2k1/thesis-management-backend/user-svc/internal/service/mock_IUserSvc.go:378.8,380.3 1 0
github.com/qthuy2k1/thesis-management-backend/user-svc/internal/service/mock_IUserSvc.go:382.2,382.15 1 0
github.com/qthuy2k1/thesis-management-backend/user-svc/internal/service/mock_IUserSvc.go:386.85,392.84 5 0
github.com/qthuy2k1/thesis-management-backend/user-svc/internal/service/mock_IUserSvc.go:392.84,394.3 1 0
github.com/qthuy2k1/thesis-management-backend/user-svc/internal/service/mock_IUserSvc.go:395.2,395.70 1 0
github.com/qthuy2k1/thesis-management-backend/user-svc/internal/service/mock_IUserSvc.go:395.70,397.3 1 0
github.com/qthuy2k1/thesis-management-backend/user-svc/internal/service/mock_IUserSvc.go:397.8,398.24 1 0
github.com/qthuy2k1/thesis-management-backend/user-svc/internal/service/mock_IUserSvc.go:398.24,400.4 1 0
github.com/qthuy2k1/thesis-management-backend/user-svc/internal/service/mock_IUserSvc.go:403.2,403.58 1 0
github.com/qthuy2k1/thesis-management-backend/user-svc/internal/service/mock_IUserSvc.go:403.58,405.3 1 0
github.com/qthuy2k1/thesis-management-backend/user-svc/internal/service/mock_IUserSvc.go:405.8,407.3 1 0
github.com/qthuy2k1/thesis-management-backend/user-svc/internal/service/mock_IUserSvc.go:409.2,409.60 1 0
github.com/qthuy2k1/thesis-management-backend/user-svc/internal/service/mock_IUserSvc.go:409.60,411.3 1 0
github.com/qthuy2k1/thesis-management-backend/user-svc/internal/service/mock_IUserSvc.go:411.8,413.3 1 0
github.com/qthuy2k1/thesis-management-backend/user-svc/internal/service/mock_IUserSvc.go:415.2,415.19 1 0
github.com/qthuy2k1/thesis-management-backend/user-svc/internal/service/mock_IUserSvc.go:419.108,424.87 4 0
github.com/qthuy2k1/thesis-management-backend/user-svc/internal/service/mock_IUserSvc.go:424.87,426.3 1 0
github.com/qthuy2k1/thesis-management-backend/user-svc/internal/service/mock_IUserSvc.go:427.2,427.78 1 0
github.com/qthuy2k1/thesis-management-backend/user-svc/internal/service/mock_IUserSvc.go:427.78,429.3 1 0
github.com/qthuy2k1/thesis-management-backend/user-svc/internal/service/mock_IUserSvc.go:429.8,431.3 1 0
github.com/qthuy2k1/thesis-management-backend/user-svc/internal/service/mock_IUserSvc.go:433.2,433.68 1 0
github.com/qthuy2k1/thesis-management-backend/user-svc/internal/service/mock_IUserSvc.go:433.68,435.3 1 0
github.com/qthuy2k1/thesis-management-backend/user-svc/internal/service/mock_IUserSvc.go:435.8,437.3 1 0
github.com/qthuy2k1/thesis-management-backend/user-svc/internal/service/mock_IUserSvc.go:439.2,439.15 1 0
github.com/qthuy2k1/thesis-management-backend/user-svc/internal/service/mock_IUserSvc.go:443.105,447.73 3 0
github.com/qthuy2k1/thesis-management-backend/user-svc/internal/service/mock_IUserSvc.go:447.73,449.3 1 0
github.com/qthuy2k1/thesis-management-backend/user-svc/internal/service/mock_IUserSvc.go:449.8,451.3 1 0
github.com/qthuy2k1/thesis-management-backend/user-svc/internal/service/mock_IUserSvc.go:453.2,453.11 1 0
github.com/qthuy2k1/thesis-management-backend/user-svc/internal/service/mock_IUserSvc.go:457.99,461.81 3 0
github.com/qthuy2k1/thesis-management-backend/user-svc/internal/service/mock_IUserSvc.go:461.81,463.3 1 0
github.com/qthuy2k1/thesis-management-backend/user-svc/internal/service/mock_IUserSvc.go:463.8,465.3 1 0
github.com/qthuy2k1/thesis-management-backend/user-svc/internal/service/mock_IUserSvc.go:467.2,467.11 1 0
github.com/qthuy2k1/thesis-management-backend/user-svc/internal/service/mock_IUserSvc.go:471.107,475.85 3 0
github.com/qthuy2k1/thesis-management-backend/user-svc/internal/service/mock_IUserSvc.go:475.85,477.3 1 0
github.com/qthuy2k1/thesis-management-backend/user-svc/internal/service/mock_IUserSvc.go:477.8,479.3 1 0
github.com/qthuy2k1/thesis-management-backend/user-svc/internal/service/mock_IUserSvc.go:481.2,481.11 1 0
github.com/qthuy2k1/thesis-management-backend/user-svc/internal/service/mock_IUserSvc.go:485.98,489.82 3 0
github.com/qthuy2k1/thesis-management-backend/user-svc/internal/service/mock_IUserSvc.go:489.82,491.3 1 0
github.com/qthuy2k1/thesis-management-backend/user-svc/internal/service/mock_IUserSvc.go:491.8,493.3 1 0
github.com/qthuy2k1/thesis-management-backend/user-svc/internal/service/mock_IUserSvc.go:495.2,495.11 1 0
github.com/qthuy2k1/thesis-management-backend/user-svc/internal/service/mock_IUserSvc.go:503.18,507.19 3 0
github.com/qthuy2k1/thesis-management-backend/user-svc/internal/service/mock_IUserSvc.go:507.19,507.49 1 0
github.com/qthuy2k1/thesis-management-backend/user-svc/internal/service/mock_IUserSvc.go:509.2,509.13 1 0
github.com/qthuy2k1/thesis-management-backend/user-svc/internal/service/new.go:61.54,63.2 1 1
github.com/qthuy2k1/thesis-management-backend/user-svc/internal/service/studentDef.go:24.86,31.67 2 0
github.com/qthuy2k1/thesis-management-backend/user-svc/internal/service/studentDef.go:31.67,32.54 1 0
github.com/qthuy2k1/thesis-management-backend/user-svc/internal/service/studentDef.go:32.54,34.4 1 0
github.com/qthuy2k1/thesis-management-backend/user-svc/internal/service/studentDef.go:35.3,35.13 1 0
github.com/qthuy2k1/thesis-management-backend/user-svc/internal/service/studentDef.go:38.2,38.12 1 0
github.com/qthuy2k1/thesis-management-backend/user-svc/internal/service/studentDef.go:42.91,44.16 2 0
github.com/qthuy2k1/thesis-management-backend/user-svc/internal/service/studentDef.go:44.16,45.55 1 0
github.com/qthuy2k1/thesis-management-backend/user-svc/internal/service/studentDef.go:45.55,47.4 1 0
github.com/qthuy2k1/thesis-management-backend/user-svc/internal/service/studentDef.go:48.3,48.36 1 0
github.com/qthuy2k1/thesis-management-backend/user-svc/internal/service/studentDef.go:51.2,56.8 1 0
github.com/qthuy2k1/thesis-management-backend/user-svc/internal/service/studentDef.go:60.94,65.17 1 0
github.com/qthuy2k1/thesis-management-backend/user-svc/internal/service/studentDef.go:65.17,66.55 1 0
github.com/qthuy2k1/thesis-management-backend/user-svc/internal/service/studentDef.go:66.55,68.4 1 0
github.com/qthuy2k1/thesis-management-backend/user-svc/internal/service/studentDef.go:69.3,69.13 1 0
github.com/qthuy2k1/thesis-management-backend/user-svc/internal/service/studentDef.go:72.2,72.12 1 0
github.com/qthuy2k1/thesis-management-backend/user-svc/internal/service/studentDef.go:76.71,77.63 1 0
github.com/qthuy2k1/thesis-management-backend/user-svc/internal/service/studentDef.go:77.63,78.55 1 0
github.com/qthuy2k1/thesis-management-backend/user-svc/internal/service/studentDef.go:78.55,80.4 1 0
github.com/qthuy2k1/thesis-management-backend/user-svc/internal/service/studentDef.go:81.3,81.13 1 0
github.com/qthuy2k1/thesis-management-backend/user-svc/internal/service/studentDef.go:84.2,84.12 1 0
github.com/qthuy2k1/thesis-management-backend/user-svc/internal/service/studentDef.go:88.91,90.16 2 0
github.com/qthuy2k1/thesis-management-backend/user-svc/internal/service/studentDef.go:90.16,92.3 1 0
github.com/qthuy2k1/thesis-management-backend/user-svc/internal/service/studentDef.go:94.2,95.29 2 0
github.com/qthuy2k1/thesis-management-backend/user-svc/internal/service/studentDef.go:95.29,102.3 1 0
github.com/qthuy2k1/thesis-management-backend/user-svc/internal/service/studentDef.go:104.2,104.26 1 0
github.com/qthuy2k1/thesis-management-backend/user-svc/internal/service/studentDef.go:108.127,110.16 2 0
github.com/qthuy2k1/thesis-management-backend/user-svc/internal/service/studentDef.go:110.16,112.3 1 0
github.com/qthuy2k1/thesis-management-backend/user-svc/internal/service/studentDef.go:114.2,115.29 2 0
github.com/qthuy2k1/thesis-management-backend/user-svc/internal/service/studentDef.go:115.29,122.3 1 0
github.com/qthuy2k1/thesis-management-backend/user-svc/internal/service/studentDef.go:124.2,124.26 1 0
github.com/qthuy2k1/thesis-management-backend/user-svc/internal/service/studentDef.go:128.113,130.16 2 0
github.com/qthuy2k1/thesis-management-backend/user-svc/internal/service/studentDef.go:130.16,131.55 1 0
github.com/qthuy2k1/thesis-management-backend/user-svc/internal/service/studentDef.go:131.55,133.4 1 0
github.com/qthuy2k1/thesis-management-backend/user-svc/internal/service/studentDef.go:134.3,134.36 1 0
github.com/qthuy2k1/thesis-management-backend/user-svc/internal/service/studentDef.go:137.2,142.8 1 0
github.com/qthuy2k1/thesis-management-backend/user-svc/internal/service/user.go:23.73,36.60 2 1
github.com/qthuy2k1/thesis-management-backend/user-svc/internal/service/user.go:36.60,37.48 1 0
github.com/qthuy2k1/thesis-management-backend/user-svc/internal/service/user.go:37.48,39.4 1 0
github.com/qthuy2k1/thesis-management-backend/user-svc/internal/service/user.go:40.3,40.13 1 0
github.com/qthuy2k1/thesis-management-backend/user-svc/internal/service/user.go:43.2,43.12 1 1
github.com/qthuy2k1/thesis-management-backend/user-svc/internal/service/user.go:47.82,49.16 2 1
github.com/qthuy2k1/thesis-management-backend/user-svc/internal/service/user.go:49.16,50.49 1 1
github.com/qthuy2k1/thesis-management-backend/user-svc/internal/service/user.go:50.49,52.4 1 1
github.com/qthuy2k1/thesis-management-backend/user-svc/internal/service/user.go:53.3,53.30 1 0
github.com/qthuy2k1/thesis-management-backend/user-svc/internal/service/user.go:56.2,66.8 1 1
github.com/qthuy2k1/thesis-management-backend/user-svc/internal/service/user.go:70.87,80.17 1 1
github.com/qthuy2k1/thesis-management-backend/user-svc/internal/service/user.go:80.17,81.49 1 1
github.com/qthuy2k1/thesis-management-backend/user-svc/internal/service/user.go:81.49,83.4 1 1
github.com/qthuy2k1/thesis-management-backend/user-svc/internal/service/user.go:84.3,84.13 1 0
github.com/qthuy2k1/thesis-management-backend/user-svc/internal/service/user.go:87.2,87.12 1 1
github.com/qthuy2k1/thesis-management-backend/user-svc/internal/service/user.go:91.68,92.57 1 1
github.com/qthuy2k1/thesis-management-backend/user-svc/internal/service/user.go:92.57,93.49 1 1
github.com/qthuy2k1/thesis-management-backend/user-svc/internal/service/user.go:93.49,95.4 1 1
github.com/qthuy2k1/thesis-management-backend/user-svc/internal/service/user.go:96.3,96.13 1 0
github.com/qthuy2k1/thesis-management-backend/user-svc/internal/service/user.go:99.2,99.12 1 1
github.com/qthuy2k1/thesis-management-backend/user-svc/internal/service/user.go:115.79,117.16 2 1
github.com/qthuy2k1/thesis-management-backend/user-svc/internal/service/user.go:117.16,119.3 1 0
github.com/qthuy2k1/thesis-management-backend/user-svc/internal/service/user.go:121.2,122.27 2 1
github.com/qthuy2k1/thesis-management-backend/user-svc/internal/service/user.go:122.27,134.3 1 1
github.com/qthuy2k1/thesis-management-backend/user-svc/internal/service/user.go:136.2,136.26 1 1
github.com/qthuy2k1/thesis-management-backend/user-svc/internal/service/user.go:140.86,142.16 2 0
github.com/qthuy2k1/thesis-management-backend/user-svc/internal/service/user.go:142.16,144.3 1 0
github.com/qthuy2k1/thesis-management-backend/user-svc/internal/service/user.go:146.2,147.27 2 0
github.com/qthuy2k1/thesis-management-backend/user-svc/internal/service/user.go:147.27,159.3 1 0
github.com/qthuy2k1/thesis-management-backend/user-svc/internal/service/user.go:161.2,161.26 1 0
github.com/qthuy2k1/thesis-management-backend/user-svc/internal/service/user.go:165.99,166.84 1 0
github.com/qthuy2k1/thesis-management-backend/user-svc/internal/service/user.go:166.84,167.49 1 0
github.com/qthuy2k1/thesis-management-backend/user-svc/internal/service/user.go:167.49,169.4 1 0
github.com/qthuy2k1/thesis-management-backend/user-svc/internal/service/user.go:170.3,170.13 1 0
github.com/qthuy2k1/thesis-management-backend/user-svc/internal/service/user.go:173.2,173.12 1 0
